<?xml version="1.0" encoding="UTF-8"?>
<!-- Generated by org.testng.reporters.JUnitReportReporter -->
<testsuite hostname="LAPTOP-O6EL19C6" failures="0" tests="2" name="docker.DockerGrid_Setup" time="30.073" errors="0" timestamp="2022-03-28T15:03:33 IST" skipped="0">
  <testcase classname="docker.DockerGrid_Setup" name="startDockerGrid" time="20.041"/>
  <system-out/>
  <testcase classname="docker.DockerGrid_Setup" name="stopDockergrid" time="10.032"/>
  <system-out/>
</testsuite> <!-- docker.DockerGrid_Setup -->
