<?xml version="1.0" encoding="UTF-8"?>
<!-- Generated by org.testng.reporters.JUnitReportReporter -->
<testsuite hostname="LAPTOP-O6EL19C6" failures="0" tests="1" name="docker.TestCase2" time="7.451" errors="0" timestamp="2022-03-28T15:30:56 IST" skipped="0">
  <testcase classname="docker.TestCase2" name="test" time="7.451"/>
  <system-out/>
</testsuite> <!-- docker.TestCase2 -->
