<?xml version="1.0" encoding="UTF-8"?>
<!-- Generated by org.testng.reporters.JUnitReportReporter -->
<testsuite hostname="LAPTOP-O6EL19C6" failures="0" tests="1" name="docker.TestCase3" time="6.378" errors="0" timestamp="2022-03-28T15:30:56 IST" skipped="0">
  <testcase classname="docker.TestCase3" name="test" time="6.378"/>
  <system-out/>
</testsuite> <!-- docker.TestCase3 -->
